2023-05-07 05:17:16 [::1][-][eiiijvp8n4j2un39ul4j87hhct][error][yii\web\HttpException:404] yii\base\InvalidRouteException: Unable to resolve the request: mahasiswa/ in C:\laragon\www\prak-web-60200121102\vendor\yiisoft\yii2\base\Controller.php:149
Stack trace:
#0 C:\laragon\www\prak-web-60200121102\vendor\yiisoft\yii2\base\Module.php(552): yii\base\Controller->runAction('', Array)
#1 C:\laragon\www\prak-web-60200121102\vendor\yiisoft\yii2\web\Application.php(103): yii\base\Module->runAction('mahasiswa', Array)
#2 C:\laragon\www\prak-web-60200121102\vendor\yiisoft\yii2\base\Application.php(384): yii\web\Application->handleRequest(Object(yii\web\Request))
#3 C:\laragon\www\prak-web-60200121102\web\index.php(12): yii\base\Application->run()
#4 {main}

Next yii\web\NotFoundHttpException: Page not found. in C:\laragon\www\prak-web-60200121102\vendor\yiisoft\yii2\web\Application.php:115
Stack trace:
#0 C:\laragon\www\prak-web-60200121102\vendor\yiisoft\yii2\base\Application.php(384): yii\web\Application->handleRequest(Object(yii\web\Request))
#1 C:\laragon\www\prak-web-60200121102\web\index.php(12): yii\base\Application->run()
#2 {main}
2023-05-07 05:17:16 [::1][-][eiiijvp8n4j2un39ul4j87hhct][info][application] $_GET = []

$_POST = []

$_FILES = []

$_COOKIE = [
    'PHPSESSID' => 'eiiijvp8n4j2un39ul4j87hhct'
    '_csrf' => 'd49704ee93e08c4b01bb2a4d5723790713cb968a0b8452bc215812c1ebd7d363a:2:{i:0;s:5:\"_csrf\";i:1;s:32:\"eW7uRVsfBwMjFFk-Tkrg9ys--_LXXnUA\";}'
]

$_SESSION = [
    '__flash' => []
]

$_SERVER = [
    'DOCUMENT_ROOT' => 'C:\\laragon\\www\\prak-web-60200121102\\web'
    'REMOTE_ADDR' => '::1'
    'REMOTE_PORT' => '54014'
    'SERVER_SOFTWARE' => 'PHP 8.1.10 Development Server'
    'SERVER_PROTOCOL' => 'HTTP/1.1'
    'SERVER_NAME' => 'localhost'
    'SERVER_PORT' => '8080'
    'REQUEST_URI' => '/mahasiswa'
    'REQUEST_METHOD' => 'GET'
    'SCRIPT_NAME' => '/index.php'
    'SCRIPT_FILENAME' => 'C:\\laragon\\www\\prak-web-60200121102\\web\\index.php'
    'PATH_INFO' => '/mahasiswa'
    'PHP_SELF' => '/index.php/mahasiswa'
    'HTTP_HOST' => 'localhost:8080'
    'HTTP_CONNECTION' => 'keep-alive'
    'HTTP_SEC_CH_UA' => '\"Google Chrome\";v=\"113\", \"Chromium\";v=\"113\", \"Not-A.Brand\";v=\"24\"'
    'HTTP_SEC_CH_UA_MOBILE' => '?0'
    'HTTP_SEC_CH_UA_PLATFORM' => '\"Windows\"'
    'HTTP_UPGRADE_INSECURE_REQUESTS' => '1'
    'HTTP_USER_AGENT' => 'Mozilla/5.0 (Windows NT 10.0; Win64; x64) AppleWebKit/537.36 (KHTML, like Gecko) Chrome/113.0.0.0 Safari/537.36'
    'HTTP_ACCEPT' => 'text/html,application/xhtml+xml,application/xml;q=0.9,image/avif,image/webp,image/apng,*/*;q=0.8,application/signed-exchange;v=b3;q=0.7'
    'HTTP_SEC_FETCH_SITE' => 'none'
    'HTTP_SEC_FETCH_MODE' => 'navigate'
    'HTTP_SEC_FETCH_USER' => '?1'
    'HTTP_SEC_FETCH_DEST' => 'document'
    'HTTP_ACCEPT_ENCODING' => 'gzip, deflate, br'
    'HTTP_ACCEPT_LANGUAGE' => 'id-ID,id;q=0.9,en-US;q=0.8,en;q=0.7'
    'HTTP_COOKIE' => 'PHPSESSID=eiiijvp8n4j2un39ul4j87hhct; _csrf=d49704ee93e08c4b01bb2a4d5723790713cb968a0b8452bc215812c1ebd7d363a%3A2%3A%7Bi%3A0%3Bs%3A5%3A%22_csrf%22%3Bi%3A1%3Bs%3A32%3A%22eW7uRVsfBwMjFFk-Tkrg9ys--_LXXnUA%22%3B%7D'
    'REQUEST_TIME_FLOAT' => 1683436636.3859
    'REQUEST_TIME' => 1683436636
]
